[2017-10-25 04:31:46,342][MainThread:140735704040384][default:DEBUG(14)]
[<ipython-input-6-0a133c6752cc>:<module>]:debug message
[2017-10-25 04:31:46,348][MainThread:140735704040384][default:INFO(15)]
[<ipython-input-6-0a133c6752cc>:<module>]:info message
[2017-10-25 04:31:46,352][MainThread:140735704040384][default:WARNING(16)]
[<ipython-input-6-0a133c6752cc>:<module>]:warn message
[2017-10-25 04:31:46,354][MainThread:140735704040384][default:ERROR(17)]
[<ipython-input-6-0a133c6752cc>:<module>]:error message
[2017-10-25 04:31:46,355][MainThread:140735704040384][default:CRITICAL(18)]
[<ipython-input-6-0a133c6752cc>:<module>]:critical message
[2017-10-25 04:45:24,410][MainThread:140735704040384][default:DEBUG(14)]
[<ipython-input-7-79ab81ece8d6>:<module>]:debug message
[2017-10-25 04:45:24,415][MainThread:140735704040384][default:INFO(15)]
[<ipython-input-7-79ab81ece8d6>:<module>]:info message
[2017-10-25 04:45:24,419][MainThread:140735704040384][default:WARNING(16)]
[<ipython-input-7-79ab81ece8d6>:<module>]:warn message
[2017-10-25 04:45:24,423][MainThread:140735704040384][default:ERROR(17)]
[<ipython-input-7-79ab81ece8d6>:<module>]:error message
[2017-10-25 04:45:24,425][MainThread:140735704040384][default:CRITICAL(18)]
[<ipython-input-7-79ab81ece8d6>:<module>]:critical message
[2017-10-25 04:53:07,077][MainThread:140735704040384][default:DEBUG(14)]
[log_test:<module>]:debug message
[2017-10-25 04:53:07,077][MainThread:140735704040384][default:INFO(15)]
[log_test:<module>]:info message
[2017-10-25 04:53:07,077][MainThread:140735704040384][default:WARNING(16)]
[log_test:<module>]:warn message
[2017-10-25 04:53:07,077][MainThread:140735704040384][default:ERROR(17)]
[log_test:<module>]:error message
[2017-10-25 04:53:07,079][MainThread:140735704040384][default:CRITICAL(18)]
[log_test:<module>]:critical message
[2017-10-25 04:56:12,917][MainThread:140735704040384][default:DEBUG(14)]
[<ipython-input-8-79ab81ece8d6>:<module>]:debug message
[2017-10-25 04:56:12,921][MainThread:140735704040384][default:INFO(15)]
[<ipython-input-8-79ab81ece8d6>:<module>]:info message
[2017-10-25 04:56:12,923][MainThread:140735704040384][default:WARNING(16)]
[<ipython-input-8-79ab81ece8d6>:<module>]:warn message
[2017-10-25 04:56:12,924][MainThread:140735704040384][default:ERROR(17)]
[<ipython-input-8-79ab81ece8d6>:<module>]:error message
[2017-10-25 04:56:12,926][MainThread:140735704040384][default:CRITICAL(18)]
[<ipython-input-8-79ab81ece8d6>:<module>]:critical message
[2017-10-25 04:56:51,943][MainThread:140735704040384][default:DEBUG(14)]
[<ipython-input-9-79ab81ece8d6>:<module>]:debug message
[2017-10-25 04:56:51,945][MainThread:140735704040384][default:INFO(15)]
[<ipython-input-9-79ab81ece8d6>:<module>]:info message
[2017-10-25 04:56:51,947][MainThread:140735704040384][default:WARNING(16)]
[<ipython-input-9-79ab81ece8d6>:<module>]:warn message
[2017-10-25 04:56:51,949][MainThread:140735704040384][default:ERROR(17)]
[<ipython-input-9-79ab81ece8d6>:<module>]:error message
[2017-10-25 04:56:51,950][MainThread:140735704040384][default:CRITICAL(18)]
[<ipython-input-9-79ab81ece8d6>:<module>]:critical message
[2017-10-25 04:57:51,417][MainThread:140735704040384][default:DEBUG(14)]
[<ipython-input-10-79ab81ece8d6>:<module>]:debug message
[2017-10-25 04:57:51,419][MainThread:140735704040384][default:INFO(15)]
[<ipython-input-10-79ab81ece8d6>:<module>]:info message
[2017-10-25 04:57:51,420][MainThread:140735704040384][default:WARNING(16)]
[<ipython-input-10-79ab81ece8d6>:<module>]:warn message
[2017-10-25 04:57:51,422][MainThread:140735704040384][default:ERROR(17)]
[<ipython-input-10-79ab81ece8d6>:<module>]:error message
[2017-10-25 04:57:51,424][MainThread:140735704040384][default:CRITICAL(18)]
[<ipython-input-10-79ab81ece8d6>:<module>]:critical message
[2017-10-25 04:58:25,825][MainThread:140735704040384][default:DEBUG(14)]
[<ipython-input-11-79ab81ece8d6>:<module>]:debug message
[2017-10-25 04:58:25,827][MainThread:140735704040384][default:INFO(15)]
[<ipython-input-11-79ab81ece8d6>:<module>]:info message
[2017-10-25 04:58:25,829][MainThread:140735704040384][default:WARNING(16)]
[<ipython-input-11-79ab81ece8d6>:<module>]:warn message
[2017-10-25 04:58:25,831][MainThread:140735704040384][default:ERROR(17)]
[<ipython-input-11-79ab81ece8d6>:<module>]:error message
[2017-10-25 04:58:25,833][MainThread:140735704040384][default:CRITICAL(18)]
[<ipython-input-11-79ab81ece8d6>:<module>]:critical message
[2017-10-25 05:07:11,509][MainThread:140735704040384][default:DEBUG(14)]
[<ipython-input-16-79ab81ece8d6>:<module>]:debug message
[2017-10-25 05:07:11,515][MainThread:140735704040384][default:INFO(15)]
[<ipython-input-16-79ab81ece8d6>:<module>]:info message
[2017-10-25 05:07:11,522][MainThread:140735704040384][default:WARNING(16)]
[<ipython-input-16-79ab81ece8d6>:<module>]:warn message
[2017-10-25 05:07:11,524][MainThread:140735704040384][default:ERROR(17)]
[<ipython-input-16-79ab81ece8d6>:<module>]:error message
[2017-10-25 05:07:11,527][MainThread:140735704040384][default:CRITICAL(18)]
[<ipython-input-16-79ab81ece8d6>:<module>]:critical message
[2017-10-25 05:07:41,939][MainThread:140735704040384][default:DEBUG(14)]
[<ipython-input-17-79ab81ece8d6>:<module>]:debug message
[2017-10-25 05:07:41,948][MainThread:140735704040384][default:INFO(15)]
[<ipython-input-17-79ab81ece8d6>:<module>]:info message
[2017-10-25 05:07:41,950][MainThread:140735704040384][default:WARNING(16)]
[<ipython-input-17-79ab81ece8d6>:<module>]:warn message
[2017-10-25 05:07:41,952][MainThread:140735704040384][default:ERROR(17)]
[<ipython-input-17-79ab81ece8d6>:<module>]:error message
[2017-10-25 05:07:41,954][MainThread:140735704040384][default:CRITICAL(18)]
[<ipython-input-17-79ab81ece8d6>:<module>]:critical message
[2017-10-25 05:07:59,158][MainThread:140735704040384][default:DEBUG(14)]
[<ipython-input-18-63a27300c86e>:<module>]:debug message
[2017-10-25 05:07:59,160][MainThread:140735704040384][default:INFO(15)]
[<ipython-input-18-63a27300c86e>:<module>]:info message
[2017-10-25 05:07:59,162][MainThread:140735704040384][default:WARNING(16)]
[<ipython-input-18-63a27300c86e>:<module>]:warn message
[2017-10-25 05:07:59,164][MainThread:140735704040384][default:ERROR(17)]
[<ipython-input-18-63a27300c86e>:<module>]:error message
[2017-10-25 05:07:59,166][MainThread:140735704040384][default:CRITICAL(18)]
[<ipython-input-18-63a27300c86e>:<module>]:critical message
[2017-10-25 05:08:07,211][MainThread:140735704040384][default:DEBUG(14)]
[<ipython-input-19-53e315ea1a46>:<module>]:debug message
[2017-10-25 05:08:07,214][MainThread:140735704040384][default:INFO(15)]
[<ipython-input-19-53e315ea1a46>:<module>]:info message
[2017-10-25 05:08:07,215][MainThread:140735704040384][default:WARNING(16)]
[<ipython-input-19-53e315ea1a46>:<module>]:warn message
[2017-10-25 05:08:07,217][MainThread:140735704040384][default:ERROR(17)]
[<ipython-input-19-53e315ea1a46>:<module>]:error message
[2017-10-25 05:08:07,219][MainThread:140735704040384][default:CRITICAL(18)]
[<ipython-input-19-53e315ea1a46>:<module>]:critical message
[2017-10-25 05:09:39,395][MainThread:140735704040384][default:DEBUG(14)]
[<ipython-input-20-53e315ea1a46>:<module>]:debug message
[2017-10-25 05:09:39,402][MainThread:140735704040384][default:INFO(15)]
[<ipython-input-20-53e315ea1a46>:<module>]:info message
[2017-10-25 05:09:39,404][MainThread:140735704040384][default:WARNING(16)]
[<ipython-input-20-53e315ea1a46>:<module>]:warn message
[2017-10-25 05:09:39,406][MainThread:140735704040384][default:ERROR(17)]
[<ipython-input-20-53e315ea1a46>:<module>]:error message
[2017-10-25 05:09:39,408][MainThread:140735704040384][default:CRITICAL(18)]
[<ipython-input-20-53e315ea1a46>:<module>]:critical message
[2017-10-25 05:10:13,271][MainThread:140735704040384][default:DEBUG(14)]
[<ipython-input-23-53e315ea1a46>:<module>]:debug message
[2017-10-25 05:10:13,274][MainThread:140735704040384][default:INFO(15)]
[<ipython-input-23-53e315ea1a46>:<module>]:info message
[2017-10-25 05:10:13,276][MainThread:140735704040384][default:WARNING(16)]
[<ipython-input-23-53e315ea1a46>:<module>]:warn message
[2017-10-25 05:10:13,278][MainThread:140735704040384][default:ERROR(17)]
[<ipython-input-23-53e315ea1a46>:<module>]:error message
[2017-10-25 05:10:13,280][MainThread:140735704040384][default:CRITICAL(18)]
[<ipython-input-23-53e315ea1a46>:<module>]:critical message
[2017-10-25 05:12:25,824][MainThread:140735704040384][default:DEBUG(15)]
[<ipython-input-28-ce073cc5443b>:<module>]:debug message
[2017-10-25 05:12:25,833][MainThread:140735704040384][default:INFO(16)]
[<ipython-input-28-ce073cc5443b>:<module>]:info message
[2017-10-25 05:12:25,834][MainThread:140735704040384][default:WARNING(17)]
[<ipython-input-28-ce073cc5443b>:<module>]:warn message
[2017-10-25 05:12:25,836][MainThread:140735704040384][default:ERROR(18)]
[<ipython-input-28-ce073cc5443b>:<module>]:error message
[2017-10-25 05:12:25,838][MainThread:140735704040384][default:CRITICAL(19)]
[<ipython-input-28-ce073cc5443b>:<module>]:critical message
