DEBUG:root:This message should go to the log file
INFO:root:So should this
WARNING:root:And this, too
DEBUG:default:debug message
INFO:default:info message
WARNING:default:warn message
ERROR:default:error message
CRITICAL:default:critical message
DEBUG:default:debug message
INFO:default:info message
WARNING:default:warn message
ERROR:default:error message
CRITICAL:default:critical message
DEBUG:default:debug message
INFO:default:info message
WARNING:default:warn message
ERROR:default:error message
CRITICAL:default:critical message
DEBUG:default:debug message
INFO:default:info message
WARNING:default:warn message
ERROR:default:error message
CRITICAL:default:critical message
DEBUG:default:debug message
INFO:default:info message
WARNING:default:warn message
ERROR:default:error message
CRITICAL:default:critical message
DEBUG:root:This message should go to the log file
INFO:root:So should this
WARNING:root:And this, too
DEBUG:default:debug message
INFO:default:info message
WARNING:default:warn message
ERROR:default:error message
CRITICAL:default:critical message
DEBUG:root:debug message
INFO:root:info message
WARNING:root:warn message
ERROR:root:error message
CRITICAL:root:critical message
DEBUG:root:debug message
INFO:root:info message
WARNING:root:warn message
ERROR:root:error message
CRITICAL:root:critical message
DEBUG:root:debug message
INFO:root:info message
WARNING:root:warn message
ERROR:root:error message
CRITICAL:root:critical message
DEBUG:default:debug message
INFO:default:info message
WARNING:default:warn message
ERROR:default:error message
CRITICAL:default:critical message
DEBUG:test:debug message
INFO:test:info message
WARNING:test:warn message
ERROR:test:error message
CRITICAL:test:critical message
DEBUG:test:debug message
INFO:test:info message
WARNING:test:warn message
ERROR:test:error message
CRITICAL:test:critical message
DEBUG:test:debug message
INFO:test:info message
WARNING:test:warn message
ERROR:test:error message
CRITICAL:test:critical message
DEBUG:root:debug message
INFO:root:info message
WARNING:root:warn message
ERROR:root:error message
CRITICAL:root:critical message
DEBUG:test:debug message
INFO:test:info message
WARNING:test:warn message
ERROR:test:error message
CRITICAL:test:critical message
DEBUG:test:debug message
INFO:test:info message
WARNING:test:warn message
ERROR:test:error message
CRITICAL:test:critical message
DEBUG:test:debug message
INFO:test:info message
WARNING:test:warn message
ERROR:test:error message
CRITICAL:test:critical message
